  Model.cpp
D:\COMPUTER GAMES TECHNOLOGY\year 2\ASSESSMENTS 2020\graphics programming\cmp203-coursework-1900264\GraphicsProgramming\GraphicsProgramming\ProjectIncludes.h(1,13): warning C4081: expected 'newline'; found ';'
  The contents of <filesystem> are available only with C++17 or later.
D:\COMPUTER GAMES TECHNOLOGY\year 2\ASSESSMENTS 2020\graphics programming\cmp203-coursework-1900264\GraphicsProgramming\GraphicsProgramming\Model.cpp(102,20): warning C4018: '<': signed/unsigned mismatch
D:\COMPUTER GAMES TECHNOLOGY\year 2\ASSESSMENTS 2020\graphics programming\cmp203-coursework-1900264\GraphicsProgramming\GraphicsProgramming\Model.cpp(106,22): warning C4244: '=': conversion from '_Ty' to 'float', possible loss of data
          with
          [
              _Ty=unsigned int
          ]
D:\COMPUTER GAMES TECHNOLOGY\year 2\ASSESSMENTS 2020\graphics programming\cmp203-coursework-1900264\GraphicsProgramming\GraphicsProgramming\Model.cpp(107,27): warning C4244: '=': conversion from '_Ty' to 'float', possible loss of data
          with
          [
              _Ty=unsigned int
          ]
D:\COMPUTER GAMES TECHNOLOGY\year 2\ASSESSMENTS 2020\graphics programming\cmp203-coursework-1900264\GraphicsProgramming\GraphicsProgramming\Model.cpp(108,26): warning C4244: '=': conversion from '_Ty' to 'float', possible loss of data
          with
          [
              _Ty=unsigned int
          ]
D:\COMPUTER GAMES TECHNOLOGY\year 2\ASSESSMENTS 2020\graphics programming\cmp203-coursework-1900264\GraphicsProgramming\GraphicsProgramming\Model.cpp(112,26): warning C4244: 'argument': conversion from 'float' to 'const unsigned int', possible loss of data
D:\COMPUTER GAMES TECHNOLOGY\year 2\ASSESSMENTS 2020\graphics programming\cmp203-coursework-1900264\GraphicsProgramming\GraphicsProgramming\Model.cpp(113,29): warning C4244: 'argument': conversion from 'float' to 'const unsigned int', possible loss of data
D:\COMPUTER GAMES TECHNOLOGY\year 2\ASSESSMENTS 2020\graphics programming\cmp203-coursework-1900264\GraphicsProgramming\GraphicsProgramming\Model.cpp(114,27): warning C4244: 'argument': conversion from 'float' to 'const unsigned int', possible loss of data
  Scene.cpp
D:\COMPUTER GAMES TECHNOLOGY\year 2\ASSESSMENTS 2020\graphics programming\cmp203-coursework-1900264\GraphicsProgramming\GraphicsProgramming\ProjectIncludes.h(1,13): warning C4081: expected 'newline'; found ';'
  The contents of <filesystem> are available only with C++17 or later.
D:\COMPUTER GAMES TECHNOLOGY\year 2\ASSESSMENTS 2020\graphics programming\cmp203-coursework-1900264\GraphicsProgramming\GraphicsProgramming\Terrain.h(1,13): warning C4081: expected 'newline'; found ';'
D:\COMPUTER GAMES TECHNOLOGY\year 2\ASSESSMENTS 2020\graphics programming\cmp203-coursework-1900264\GraphicsProgramming\GraphicsProgramming\Scene.cpp(47,30): warning C4244: 'argument': conversion from 'int' to 'float', possible loss of data
D:\COMPUTER GAMES TECHNOLOGY\year 2\ASSESSMENTS 2020\graphics programming\cmp203-coursework-1900264\GraphicsProgramming\GraphicsProgramming\Scene.cpp(47,23): warning C4244: 'argument': conversion from 'int' to 'float', possible loss of data
D:\COMPUTER GAMES TECHNOLOGY\year 2\ASSESSMENTS 2020\graphics programming\cmp203-coursework-1900264\GraphicsProgramming\GraphicsProgramming\Scene.cpp(66,24): warning C4244: '+=': conversion from 'double' to 'float', possible loss of data
D:\COMPUTER GAMES TECHNOLOGY\year 2\ASSESSMENTS 2020\graphics programming\cmp203-coursework-1900264\GraphicsProgramming\GraphicsProgramming\Scene.cpp(67,25): warning C4244: '+=': conversion from 'double' to 'float', possible loss of data
D:\COMPUTER GAMES TECHNOLOGY\year 2\ASSESSMENTS 2020\graphics programming\cmp203-coursework-1900264\GraphicsProgramming\GraphicsProgramming\Scene.cpp(96,25): warning C4305: 'argument': truncation from 'double' to 'GLfloat'
D:\COMPUTER GAMES TECHNOLOGY\year 2\ASSESSMENTS 2020\graphics programming\cmp203-coursework-1900264\GraphicsProgramming\GraphicsProgramming\Scene.cpp(121,31): warning C4305: 'argument': truncation from 'double' to 'GLfloat'
D:\COMPUTER GAMES TECHNOLOGY\year 2\ASSESSMENTS 2020\graphics programming\cmp203-coursework-1900264\GraphicsProgramming\GraphicsProgramming\Scene.cpp(130,25): warning C4305: 'argument': truncation from 'double' to 'GLfloat'
D:\COMPUTER GAMES TECHNOLOGY\year 2\ASSESSMENTS 2020\graphics programming\cmp203-coursework-1900264\GraphicsProgramming\GraphicsProgramming\Scene.cpp(141,33): warning C4305: 'argument': truncation from 'double' to 'float'
D:\COMPUTER GAMES TECHNOLOGY\year 2\ASSESSMENTS 2020\graphics programming\cmp203-coursework-1900264\GraphicsProgramming\GraphicsProgramming\Scene.cpp(196,33): warning C4305: 'argument': truncation from 'double' to 'GLfloat'
D:\COMPUTER GAMES TECHNOLOGY\year 2\ASSESSMENTS 2020\graphics programming\cmp203-coursework-1900264\GraphicsProgramming\GraphicsProgramming\Scene.cpp(197,25): warning C4305: 'argument': truncation from 'double' to 'GLfloat'
D:\COMPUTER GAMES TECHNOLOGY\year 2\ASSESSMENTS 2020\graphics programming\cmp203-coursework-1900264\GraphicsProgramming\GraphicsProgramming\Scene.cpp(198,15): warning C4305: 'argument': truncation from 'double' to 'float'
D:\COMPUTER GAMES TECHNOLOGY\year 2\ASSESSMENTS 2020\graphics programming\cmp203-coursework-1900264\GraphicsProgramming\GraphicsProgramming\Scene.cpp(204,29): warning C4305: 'argument': truncation from 'double' to 'GLfloat'
D:\COMPUTER GAMES TECHNOLOGY\year 2\ASSESSMENTS 2020\graphics programming\cmp203-coursework-1900264\GraphicsProgramming\GraphicsProgramming\Scene.cpp(213,30): warning C4305: 'argument': truncation from 'double' to 'GLfloat'
D:\COMPUTER GAMES TECHNOLOGY\year 2\ASSESSMENTS 2020\graphics programming\cmp203-coursework-1900264\GraphicsProgramming\GraphicsProgramming\Scene.cpp(292,27): warning C4305: 'argument': truncation from 'double' to 'GLfloat'
D:\COMPUTER GAMES TECHNOLOGY\year 2\ASSESSMENTS 2020\graphics programming\cmp203-coursework-1900264\GraphicsProgramming\GraphicsProgramming\Scene.cpp(334,27): warning C4305: 'argument': truncation from 'double' to 'GLfloat'
  Vector3.cpp
D:\COMPUTER GAMES TECHNOLOGY\year 2\ASSESSMENTS 2020\graphics programming\cmp203-coursework-1900264\GraphicsProgramming\GraphicsProgramming\ProjectIncludes.h(1,13): warning C4081: expected 'newline'; found ';'
  The contents of <filesystem> are available only with C++17 or later.
  Generating Code...
LINK : warning LNK4098: defaultlib 'LIBCMT' conflicts with use of other libs; use /NODEFAULTLIB:library
SOIL.lib(image_DXT.obj) : warning LNK4099: PDB 'SOIL.pdb' was not found with 'SOIL.lib(image_DXT.obj)' or at 'D:\COMPUTER GAMES TECHNOLOGY\year 2\ASSESSMENTS 2020\graphics programming\cmp203-coursework-1900264\GraphicsProgramming\Debug\SOIL.pdb'; linking object as if no debug info
SOIL.lib(image_helper.obj) : warning LNK4099: PDB 'SOIL.pdb' was not found with 'SOIL.lib(image_helper.obj)' or at 'D:\COMPUTER GAMES TECHNOLOGY\year 2\ASSESSMENTS 2020\graphics programming\cmp203-coursework-1900264\GraphicsProgramming\Debug\SOIL.pdb'; linking object as if no debug info
SOIL.lib(SOIL.obj) : warning LNK4099: PDB 'SOIL.pdb' was not found with 'SOIL.lib(SOIL.obj)' or at 'D:\COMPUTER GAMES TECHNOLOGY\year 2\ASSESSMENTS 2020\graphics programming\cmp203-coursework-1900264\GraphicsProgramming\Debug\SOIL.pdb'; linking object as if no debug info
SOIL.lib(stb_image_aug.obj) : warning LNK4099: PDB 'SOIL.pdb' was not found with 'SOIL.lib(stb_image_aug.obj)' or at 'D:\COMPUTER GAMES TECHNOLOGY\year 2\ASSESSMENTS 2020\graphics programming\cmp203-coursework-1900264\GraphicsProgramming\Debug\SOIL.pdb'; linking object as if no debug info
  GraphicsProgramming.vcxproj -> D:\COMPUTER GAMES TECHNOLOGY\year 2\ASSESSMENTS 2020\graphics programming\cmp203-coursework-1900264\GraphicsProgramming\Debug\GraphicsProgramming.exe
