c:\users\saulb\desktop\cmp203-coursework-1900264\graphicsprogramming\graphicsprogramming\release\vc142.pdb
c:\users\saulb\desktop\cmp203-coursework-1900264\graphicsprogramming\graphicsprogramming\release\vector3.obj
c:\users\saulb\desktop\cmp203-coursework-1900264\graphicsprogramming\graphicsprogramming\release\terrain.obj
c:\users\saulb\desktop\cmp203-coursework-1900264\graphicsprogramming\graphicsprogramming\release\skybox.obj
c:\users\saulb\desktop\cmp203-coursework-1900264\graphicsprogramming\graphicsprogramming\release\shadow.obj
c:\users\saulb\desktop\cmp203-coursework-1900264\graphicsprogramming\graphicsprogramming\release\scene.obj
c:\users\saulb\desktop\cmp203-coursework-1900264\graphicsprogramming\graphicsprogramming\release\model.obj
c:\users\saulb\desktop\cmp203-coursework-1900264\graphicsprogramming\graphicsprogramming\release\main.obj
c:\users\saulb\desktop\cmp203-coursework-1900264\graphicsprogramming\graphicsprogramming\release\lighting.obj
c:\users\saulb\desktop\cmp203-coursework-1900264\graphicsprogramming\graphicsprogramming\release\input.obj
c:\users\saulb\desktop\cmp203-coursework-1900264\graphicsprogramming\graphicsprogramming\release\geomodels.obj
c:\users\saulb\desktop\cmp203-coursework-1900264\graphicsprogramming\graphicsprogramming\release\camera.obj
c:\users\saulb\desktop\cmp203-coursework-1900264\graphicsprogramming\graphicsprogramming\release\cabin.obj
c:\users\saulb\desktop\cmp203-coursework-1900264\graphicsprogramming\release\graphicsprogramming.ipdb
c:\users\saulb\desktop\cmp203-coursework-1900264\graphicsprogramming\release\graphicsprogramming.iobj
c:\users\saulb\desktop\cmp203-coursework-1900264\graphicsprogramming\release\graphicsprogramming.exe
c:\users\saulb\desktop\cmp203-coursework-1900264\graphicsprogramming\release\graphicsprogramming.pdb
c:\users\saulb\desktop\cmp203-coursework-1900264\graphicsprogramming\graphicsprogramming\release\graphics.0b39da7b.tlog\cl.command.1.tlog
c:\users\saulb\desktop\cmp203-coursework-1900264\graphicsprogramming\graphicsprogramming\release\graphics.0b39da7b.tlog\cl.read.1.tlog
c:\users\saulb\desktop\cmp203-coursework-1900264\graphicsprogramming\graphicsprogramming\release\graphics.0b39da7b.tlog\cl.write.1.tlog
c:\users\saulb\desktop\cmp203-coursework-1900264\graphicsprogramming\graphicsprogramming\release\graphics.0b39da7b.tlog\graphicsprogramming.write.1u.tlog
c:\users\saulb\desktop\cmp203-coursework-1900264\graphicsprogramming\graphicsprogramming\release\graphics.0b39da7b.tlog\link.command.1.tlog
c:\users\saulb\desktop\cmp203-coursework-1900264\graphicsprogramming\graphicsprogramming\release\graphics.0b39da7b.tlog\link.read.1.tlog
c:\users\saulb\desktop\cmp203-coursework-1900264\graphicsprogramming\graphicsprogramming\release\graphics.0b39da7b.tlog\link.write.1.tlog
